Connecting to database specified by database.yml
Connecting to database specified by database.yml
  [1m[36m (517.8ms)[0m  [1mCREATE TABLE `schema_migrations` (`version` varchar(255) NOT NULL) ENGINE=InnoDB[0m
  [1m[35m (205.8ms)[0m  CREATE UNIQUE INDEX `unique_schema_migrations` ON `schema_migrations` (`version`)
  [1m[36m (20.0ms)[0m  [1mSELECT `schema_migrations`.`version` FROM `schema_migrations` [0m
Migrating to CreateUsers (20121122182534)
  [1m[35m (186.2ms)[0m  CREATE TABLE `users` (`id` int(11) DEFAULT NULL auto_increment PRIMARY KEY, `username` varchar(255) NOT NULL, `fullname` varchar(255) NOT NULL, `last_name` varchar(255) NOT NULL, `first_name` varchar(255) NOT NULL, `is_locked` tinyint(1) DEFAULT 1, `door_no` varchar(255) NOT NULL, `street` varchar(255) NOT NULL, `state` varchar(255) NOT NULL, `pincode` int(11) NOT NULL, `description` text, `primary_phone` varchar(255) NOT NULL, `secondary_phone` varchar(255), `tertiary_phone` varchar(255), `email_id` varchar(255), `role_id` int(11) NOT NULL, `total_credit` int(11) NOT NULL, `credit_without_interest` int(11) NOT NULL, `interest_for_credit` int(11) NOT NULL, `total_debit` int(11) NOT NULL, `debit_without_interest` int(11) NOT NULL, `interest_for_debit` int(11) NOT NULL, `created_at` datetime NOT NULL, `updated_at` datetime NOT NULL) ENGINE=InnoDB
  [1m[36m (1.0ms)[0m  [1mINSERT INTO `schema_migrations` (`version`) VALUES ('20121122182534')[0m
Migrating to CreateUserTransactions (20121122183613)
  [1m[35m (184.4ms)[0m  CREATE TABLE `user_transactions` (`id` int(11) DEFAULT NULL auto_increment PRIMARY KEY, `user_id` int(11) NOT NULL, `monthly_bucket_id` int(11), `past_credit` int(11) NOT NULL, `current_credit` int(11) NOT NULL, `past_debit` int(11) NOT NULL, `current_debit` int(11) NOT NULL, `amount_received_in_hand` int(11) NOT NULL, `amount_deposited_to_group` int(11) NOT NULL, `current_group_interest` int(11) NOT NULL, `created_at` datetime NOT NULL, `updated_at` datetime NOT NULL) ENGINE=InnoDB
  [1m[36m (1.1ms)[0m  [1mINSERT INTO `schema_migrations` (`version`) VALUES ('20121122183613')[0m
Migrating to CreateGroupDetails (20121122184354)
  [1m[35m (142.6ms)[0m  CREATE TABLE `group_details` (`id` int(11) DEFAULT NULL auto_increment PRIMARY KEY, `attribute` varchar(255) NOT NULL, `value` varchar(255), `type` varchar(255) DEFAULT 'string', `created_at` datetime NOT NULL, `updated_at` datetime NOT NULL) ENGINE=InnoDB
  [1m[36m (1.1ms)[0m  [1mINSERT INTO `schema_migrations` (`version`) VALUES ('20121122184354')[0m
Migrating to CreateRoles (20121122184553)
  [1m[35m (161.4ms)[0m  CREATE TABLE `roles` (`id` int(11) DEFAULT NULL auto_increment PRIMARY KEY, `name` varchar(255) NOT NULL, `description` text, `created_at` datetime NOT NULL, `updated_at` datetime NOT NULL) ENGINE=InnoDB
  [1m[36m (1.1ms)[0m  [1mINSERT INTO `schema_migrations` (`version`) VALUES ('20121122184553')[0m
Migrating to CreateMonthlyBuckets (20121122185249)
  [1m[35m (172.8ms)[0m  CREATE TABLE `monthly_buckets` (`id` int(11) DEFAULT NULL auto_increment PRIMARY KEY, `user_id` int(11) NOT NULL, `bucket_start_date` date NOT NULL, `paid_date` datetime NOT NULL, `paid_total_amt` decimal NOT NULL, `paid_due_amt` decimal NOT NULL, `paid_interest_amt` decimal, `balance_amt` decimal NOT NULL, `created_at` datetime NOT NULL, `updated_at` datetime NOT NULL) ENGINE=InnoDB
  [1m[36m (0.9ms)[0m  [1mINSERT INTO `schema_migrations` (`version`) VALUES ('20121122185249')[0m
  [1m[35m (0.4ms)[0m  SELECT `schema_migrations`.`version` FROM `schema_migrations` 
Connecting to database specified by database.yml
Connecting to database specified by database.yml
Connecting to database specified by database.yml
Connecting to database specified by database.yml
Connecting to database specified by database.yml
Connecting to database specified by database.yml
Connecting to database specified by database.yml
  [1m[36m (209.7ms)[0m  [1mCREATE TABLE `schema_migrations` (`version` varchar(255) NOT NULL) ENGINE=InnoDB[0m
  [1m[35m (345.1ms)[0m  CREATE UNIQUE INDEX `unique_schema_migrations` ON `schema_migrations` (`version`)
  [1m[36m (4.3ms)[0m  [1mSELECT `schema_migrations`.`version` FROM `schema_migrations` [0m
Migrating to CreateUsers (20121122182534)
  [1m[35m (180.2ms)[0m  CREATE TABLE `users` (`id` int(11) DEFAULT NULL auto_increment PRIMARY KEY, `username` varchar(255) NOT NULL, `fullname` varchar(255) NOT NULL, `last_name` varchar(255) NOT NULL, `first_name` varchar(255) NOT NULL, `is_locked` tinyint(1) DEFAULT 1, `door_no` varchar(255) NOT NULL, `street` varchar(255) NOT NULL, `state` varchar(255) NOT NULL, `pincode` int(11) NOT NULL, `description` text, `primary_phone` varchar(255) NOT NULL, `secondary_phone` varchar(255), `tertiary_phone` varchar(255), `email_id` varchar(255), `role_id` int(11) NOT NULL, `total_credit` int(11) NOT NULL, `credit_without_interest` int(11) NOT NULL, `interest_for_credit` int(11) NOT NULL, `total_debit` int(11) NOT NULL, `debit_without_interest` int(11) NOT NULL, `interest_for_debit` int(11) NOT NULL, `created_at` datetime NOT NULL, `updated_at` datetime NOT NULL) ENGINE=InnoDB
  [1m[36m (1.2ms)[0m  [1mINSERT INTO `schema_migrations` (`version`) VALUES ('20121122182534')[0m
Migrating to CreateUserTransactions (20121122183613)
  [1m[35m (222.1ms)[0m  CREATE TABLE `user_transactions` (`id` int(11) DEFAULT NULL auto_increment PRIMARY KEY, `user_id` int(11) NOT NULL, `monthly_bucket_id` int(11), `past_credit` int(11) NOT NULL, `current_credit` int(11) NOT NULL, `past_debit` int(11) NOT NULL, `current_debit` int(11) NOT NULL, `amount_received_in_hand` int(11) NOT NULL, `amount_deposited_to_group` int(11) NOT NULL, `current_group_interest` int(11) NOT NULL, `created_at` datetime NOT NULL, `updated_at` datetime NOT NULL) ENGINE=InnoDB
  [1m[36m (1.3ms)[0m  [1mINSERT INTO `schema_migrations` (`version`) VALUES ('20121122183613')[0m
Migrating to CreateGroupDetails (20121122184354)
  [1m[35m (150.7ms)[0m  CREATE TABLE `group_details` (`id` int(11) DEFAULT NULL auto_increment PRIMARY KEY, `attribute` varchar(255) NOT NULL, `value` varchar(255), `type` varchar(255) DEFAULT 'string', `created_at` datetime NOT NULL, `updated_at` datetime NOT NULL) ENGINE=InnoDB
  [1m[36m (1.4ms)[0m  [1mINSERT INTO `schema_migrations` (`version`) VALUES ('20121122184354')[0m
Migrating to CreateRoles (20121122184553)
  [1m[35m (147.0ms)[0m  CREATE TABLE `roles` (`id` int(11) DEFAULT NULL auto_increment PRIMARY KEY, `name` varchar(255) NOT NULL, `description` text, `created_at` datetime NOT NULL, `updated_at` datetime NOT NULL) ENGINE=InnoDB
  [1m[36m (2.1ms)[0m  [1mINSERT INTO `schema_migrations` (`version`) VALUES ('20121122184553')[0m
Migrating to CreateGroups (20121124070315)
  [1m[35m (136.1ms)[0m  CREATE TABLE `groups` (`id` int(11) DEFAULT NULL auto_increment PRIMARY KEY, `name` varchar(255) NOT NULL, `description` text, `group_admin_id` int(11), `total_amount` decimal, `principal_amount` int(11), `interest_amount` int(11), `created_at` datetime NOT NULL, `updated_at` datetime NOT NULL) ENGINE=InnoDB
  [1m[36m (1.4ms)[0m  [1mINSERT INTO `schema_migrations` (`version`) VALUES ('20121124070315')[0m
Migrating to CreateGroupAdmins (20121124071151)
  [1m[35m (139.2ms)[0m  CREATE TABLE `group_admins` (`id` int(11) DEFAULT NULL auto_increment PRIMARY KEY, `group_id` int(11), `user_id` int(11), `created_at` datetime NOT NULL, `updated_at` datetime NOT NULL) ENGINE=InnoDB
  [1m[36m (1.5ms)[0m  [1mINSERT INTO `schema_migrations` (`version`) VALUES ('20121124071151')[0m
Migrating to CreateAccounts (20121124080339)
  [1m[35m (153.5ms)[0m  CREATE TABLE `accounts` (`id` int(11) DEFAULT NULL auto_increment PRIMARY KEY, `accountable_type` varchar(255), `accountable_id` int(11), `created_at` datetime NOT NULL, `updated_at` datetime NOT NULL) ENGINE=InnoDB
  [1m[36m (1.2ms)[0m  [1mINSERT INTO `schema_migrations` (`version`) VALUES ('20121124080339')[0m
Migrating to CreateAccountTransactions (20121124080348)
  [1m[35m (176.1ms)[0m  CREATE TABLE `account_transactions` (`id` int(11) DEFAULT NULL auto_increment PRIMARY KEY, `from_account_id` int(11), `to_account_id` int(11), `due_amount` decimal DEFAULT 0, `principle_credit_amount` decimal DEFAULT 0, `principle_interest_amount` decimal DEFAULT 0, `principle_debit_amount` decimal DEFAULT 0, `created_at` datetime NOT NULL, `updated_at` datetime NOT NULL) ENGINE=InnoDB
  [1m[36m (1.6ms)[0m  [1mINSERT INTO `schema_migrations` (`version`) VALUES ('20121124080348')[0m
  [1m[35m (0.7ms)[0m  SELECT `schema_migrations`.`version` FROM `schema_migrations` 
Connecting to database specified by database.yml
  [1m[36m (213.8ms)[0m  [1mCREATE TABLE `schema_migrations` (`version` varchar(255) NOT NULL) ENGINE=InnoDB[0m
  [1m[35m (330.7ms)[0m  CREATE UNIQUE INDEX `unique_schema_migrations` ON `schema_migrations` (`version`)
  [1m[36m (1.9ms)[0m  [1mSELECT `schema_migrations`.`version` FROM `schema_migrations` [0m
Migrating to CreateUsers (20121122182534)
  [1m[35m (195.5ms)[0m  CREATE TABLE `users` (`id` int(11) DEFAULT NULL auto_increment PRIMARY KEY, `username` varchar(255) NOT NULL, `fullname` varchar(255) NOT NULL, `last_name` varchar(255) NOT NULL, `first_name` varchar(255) NOT NULL, `is_locked` tinyint(1) DEFAULT 1, `door_no` varchar(255) NOT NULL, `street` varchar(255) NOT NULL, `state` varchar(255) NOT NULL, `pincode` int(11) NOT NULL, `description` text, `primary_phone` varchar(255) NOT NULL, `secondary_phone` varchar(255), `tertiary_phone` varchar(255), `email_id` varchar(255), `role_id` int(11) NOT NULL, `total_credit` int(11) NOT NULL, `credit_without_interest` int(11) NOT NULL, `interest_for_credit` int(11) NOT NULL, `total_debit` int(11) NOT NULL, `debit_without_interest` int(11) NOT NULL, `interest_for_debit` int(11) NOT NULL, `created_at` datetime NOT NULL, `updated_at` datetime NOT NULL) ENGINE=InnoDB
  [1m[36m (1.0ms)[0m  [1mINSERT INTO `schema_migrations` (`version`) VALUES ('20121122182534')[0m
Migrating to CreateGroupDetails (20121122184354)
  [1m[35m (176.8ms)[0m  CREATE TABLE `group_details` (`id` int(11) DEFAULT NULL auto_increment PRIMARY KEY, `attribute` varchar(255) NOT NULL, `value` varchar(255), `type` varchar(255) DEFAULT 'string', `created_at` datetime NOT NULL, `updated_at` datetime NOT NULL) ENGINE=InnoDB
  [1m[36m (1.0ms)[0m  [1mINSERT INTO `schema_migrations` (`version`) VALUES ('20121122184354')[0m
Migrating to CreateRoles (20121122184553)
  [1m[35m (157.4ms)[0m  CREATE TABLE `roles` (`id` int(11) DEFAULT NULL auto_increment PRIMARY KEY, `name` varchar(255) NOT NULL, `description` text, `created_at` datetime NOT NULL, `updated_at` datetime NOT NULL) ENGINE=InnoDB
  [1m[36m (1.1ms)[0m  [1mINSERT INTO `schema_migrations` (`version`) VALUES ('20121122184553')[0m
Migrating to CreateGroups (20121124070315)
  [1m[35m (173.2ms)[0m  CREATE TABLE `groups` (`id` int(11) DEFAULT NULL auto_increment PRIMARY KEY, `name` varchar(255) NOT NULL, `description` text, `group_admin_id` int(11), `total_amount` decimal, `principal_amount` int(11), `interest_amount` int(11), `created_at` datetime NOT NULL, `updated_at` datetime NOT NULL) ENGINE=InnoDB
  [1m[36m (1.6ms)[0m  [1mINSERT INTO `schema_migrations` (`version`) VALUES ('20121124070315')[0m
Migrating to CreateGroupAdmins (20121124071151)
  [1m[35m (167.6ms)[0m  CREATE TABLE `group_admins` (`id` int(11) DEFAULT NULL auto_increment PRIMARY KEY, `group_id` int(11), `user_id` int(11), `created_at` datetime NOT NULL, `updated_at` datetime NOT NULL) ENGINE=InnoDB
  [1m[36m (1.4ms)[0m  [1mINSERT INTO `schema_migrations` (`version`) VALUES ('20121124071151')[0m
Migrating to CreateAccounts (20121124080339)
  [1m[35m (148.9ms)[0m  CREATE TABLE `accounts` (`id` int(11) DEFAULT NULL auto_increment PRIMARY KEY, `accountable_type` varchar(255), `accountable_id` int(11), `created_at` datetime NOT NULL, `updated_at` datetime NOT NULL) ENGINE=InnoDB
  [1m[36m (1.0ms)[0m  [1mINSERT INTO `schema_migrations` (`version`) VALUES ('20121124080339')[0m
Migrating to CreateAccountTransactions (20121124080348)
  [1m[35m (138.9ms)[0m  CREATE TABLE `account_transactions` (`id` int(11) DEFAULT NULL auto_increment PRIMARY KEY, `from_account_id` int(11), `to_account_id` int(11), `due_amount` decimal DEFAULT 0, `principle_credit_amount` decimal DEFAULT 0, `principle_interest_amount` decimal DEFAULT 0, `principle_debit_amount` decimal DEFAULT 0, `created_at` datetime NOT NULL, `updated_at` datetime NOT NULL) ENGINE=InnoDB
  [1m[36m (1.3ms)[0m  [1mINSERT INTO `schema_migrations` (`version`) VALUES ('20121124080348')[0m
  [1m[35m (0.3ms)[0m  SELECT `schema_migrations`.`version` FROM `schema_migrations` 
Connecting to database specified by database.yml
  [1m[36m (133.4ms)[0m  [1mCREATE TABLE `schema_migrations` (`version` varchar(255) NOT NULL) ENGINE=InnoDB[0m
  [1m[35m (186.0ms)[0m  CREATE UNIQUE INDEX `unique_schema_migrations` ON `schema_migrations` (`version`)
  [1m[36m (1.8ms)[0m  [1mSELECT `schema_migrations`.`version` FROM `schema_migrations` [0m
Migrating to CreateUsers (20121122182534)
  [1m[35m (168.7ms)[0m  CREATE TABLE `users` (`id` int(11) DEFAULT NULL auto_increment PRIMARY KEY, `username` varchar(255) NOT NULL, `fullname` varchar(255) NOT NULL, `last_name` varchar(255) NOT NULL, `first_name` varchar(255) NOT NULL, `is_locked` tinyint(1) DEFAULT 1, `door_no` varchar(255) NOT NULL, `street` varchar(255) NOT NULL, `state` varchar(255) NOT NULL, `pincode` int(11) NOT NULL, `description` text, `primary_phone` varchar(255) NOT NULL, `secondary_phone` varchar(255), `tertiary_phone` varchar(255), `email_id` varchar(255), `role_id` int(11) NOT NULL, `total_credit` int(11) NOT NULL, `credit_without_interest` int(11) NOT NULL, `interest_for_credit` int(11) NOT NULL, `total_debit` int(11) NOT NULL, `debit_without_interest` int(11) NOT NULL, `interest_for_debit` int(11) NOT NULL, `created_at` datetime NOT NULL, `updated_at` datetime NOT NULL) ENGINE=InnoDB
  [1m[36m (1.0ms)[0m  [1mINSERT INTO `schema_migrations` (`version`) VALUES ('20121122182534')[0m
Migrating to CreateRoles (20121122184553)
  [1m[35m (179.8ms)[0m  CREATE TABLE `roles` (`id` int(11) DEFAULT NULL auto_increment PRIMARY KEY, `name` varchar(255) NOT NULL, `description` text, `created_at` datetime NOT NULL, `updated_at` datetime NOT NULL) ENGINE=InnoDB
  [1m[36m (1.3ms)[0m  [1mINSERT INTO `schema_migrations` (`version`) VALUES ('20121122184553')[0m
Migrating to CreateGroups (20121124070315)
  [1m[35m (147.7ms)[0m  CREATE TABLE `groups` (`id` int(11) DEFAULT NULL auto_increment PRIMARY KEY, `name` varchar(255) NOT NULL, `description` text, `group_admin_id` int(11), `total_amount` decimal, `principal_amount` int(11), `interest_amount` int(11), `created_at` datetime NOT NULL, `updated_at` datetime NOT NULL) ENGINE=InnoDB
  [1m[36m (1.3ms)[0m  [1mINSERT INTO `schema_migrations` (`version`) VALUES ('20121124070315')[0m
Migrating to CreateGroupAdmins (20121124071151)
  [1m[35m (157.1ms)[0m  CREATE TABLE `group_admins` (`id` int(11) DEFAULT NULL auto_increment PRIMARY KEY, `group_id` int(11), `user_id` int(11), `created_at` datetime NOT NULL, `updated_at` datetime NOT NULL) ENGINE=InnoDB
  [1m[36m (1.3ms)[0m  [1mINSERT INTO `schema_migrations` (`version`) VALUES ('20121124071151')[0m
Migrating to CreateAccounts (20121124080339)
  [1m[35m (137.0ms)[0m  CREATE TABLE `accounts` (`id` int(11) DEFAULT NULL auto_increment PRIMARY KEY, `accountable_type` varchar(255), `accountable_id` int(11), `created_at` datetime NOT NULL, `updated_at` datetime NOT NULL) ENGINE=InnoDB
  [1m[36m (1.0ms)[0m  [1mINSERT INTO `schema_migrations` (`version`) VALUES ('20121124080339')[0m
Migrating to CreateAccountTransactions (20121124080348)
  [1m[35m (152.5ms)[0m  CREATE TABLE `account_transactions` (`id` int(11) DEFAULT NULL auto_increment PRIMARY KEY, `from_account_id` int(11), `to_account_id` int(11), `due_amount` decimal DEFAULT 0, `principle_credit_amount` decimal DEFAULT 0, `principle_interest_amount` decimal DEFAULT 0, `principle_debit_amount` decimal DEFAULT 0, `created_at` datetime NOT NULL, `updated_at` datetime NOT NULL) ENGINE=InnoDB
  [1m[36m (1.0ms)[0m  [1mINSERT INTO `schema_migrations` (`version`) VALUES ('20121124080348')[0m
  [1m[35m (0.3ms)[0m  SELECT `schema_migrations`.`version` FROM `schema_migrations` 
Connecting to database specified by database.yml
Connecting to database specified by database.yml
Connecting to database specified by database.yml
Connecting to database specified by database.yml
  [1m[36m (213.7ms)[0m  [1mCREATE TABLE `schema_migrations` (`version` varchar(255) NOT NULL) ENGINE=InnoDB[0m
  [1m[35m (292.1ms)[0m  CREATE UNIQUE INDEX `unique_schema_migrations` ON `schema_migrations` (`version`)
  [1m[36m (2.0ms)[0m  [1mSELECT `schema_migrations`.`version` FROM `schema_migrations` [0m
Migrating to CreateUsers (20121122182534)
Connecting to database specified by database.yml
  [1m[36m (2.7ms)[0m  [1mSELECT `schema_migrations`.`version` FROM `schema_migrations` [0m
Migrating to CreateUsers (20121122182534)
  [1m[35m (144.2ms)[0m  CREATE TABLE `users` (`id` int(11) DEFAULT NULL auto_increment PRIMARY KEY, `username` varchar(255) NOT NULL, `fullname` varchar(255) NOT NULL, `last_name` varchar(255) NOT NULL, `first_name` varchar(255) NOT NULL, `is_locked` tinyint(1) DEFAULT 1, `door_no` varchar(255) NOT NULL, `street` varchar(255) NOT NULL, `state` varchar(255) NOT NULL, `pincode` int(11) NOT NULL, `description` text, `primary_phone` varchar(255) NOT NULL, `secondary_phone` varchar(255), `tertiary_phone` varchar(255), `email_id` varchar(255), `role_id` int(11) NOT NULL, `total_credit` decimal DEFAULT 0 NOT NULL, `credit_without_interest` decimal DEFAULT 0 NOT NULL, `interest_for_credit` decimal DEFAULT 0 NOT NULL, `total_debit` decimal DEFAULT 0 NOT NULL, `debit_without_interest` decimal DEFAULT 0 NOT NULL, `interest_for_debit` decimal DEFAULT 0 NOT NULL, `created_at` datetime NOT NULL, `updated_at` datetime NOT NULL) ENGINE=InnoDB
  [1m[36m (1.7ms)[0m  [1mINSERT INTO `schema_migrations` (`version`) VALUES ('20121122182534')[0m
Migrating to CreateRoles (20121122184553)
  [1m[35m (223.2ms)[0m  CREATE TABLE `roles` (`id` int(11) DEFAULT NULL auto_increment PRIMARY KEY, `name` varchar(255) NOT NULL, `description` text, `created_at` datetime NOT NULL, `updated_at` datetime NOT NULL) ENGINE=InnoDB
  [1m[36m (1.0ms)[0m  [1mINSERT INTO `schema_migrations` (`version`) VALUES ('20121122184553')[0m
Migrating to CreateGroups (20121124070315)
  [1m[35m (182.1ms)[0m  CREATE TABLE `groups` (`id` int(11) DEFAULT NULL auto_increment PRIMARY KEY, `name` varchar(255) NOT NULL, `description` text, `group_admin_id` int(11), `total_amount` decimal, `principal_amount` int(11), `interest_amount` int(11), `created_at` datetime NOT NULL, `updated_at` datetime NOT NULL) ENGINE=InnoDB
  [1m[36m (1.3ms)[0m  [1mINSERT INTO `schema_migrations` (`version`) VALUES ('20121124070315')[0m
Migrating to CreateGroupAdmins (20121124071151)
  [1m[35m (174.4ms)[0m  CREATE TABLE `group_admins` (`id` int(11) DEFAULT NULL auto_increment PRIMARY KEY, `group_id` int(11), `user_id` int(11), `created_at` datetime NOT NULL, `updated_at` datetime NOT NULL) ENGINE=InnoDB
  [1m[36m (1.1ms)[0m  [1mINSERT INTO `schema_migrations` (`version`) VALUES ('20121124071151')[0m
Migrating to CreateAccounts (20121124080339)
  [1m[35m (176.3ms)[0m  CREATE TABLE `accounts` (`id` int(11) DEFAULT NULL auto_increment PRIMARY KEY, `accountable_type` varchar(255), `accountable_id` int(11), `created_at` datetime NOT NULL, `updated_at` datetime NOT NULL) ENGINE=InnoDB
  [1m[36m (1.0ms)[0m  [1mINSERT INTO `schema_migrations` (`version`) VALUES ('20121124080339')[0m
Migrating to CreateAccountTransactions (20121124080348)
  [1m[35m (149.5ms)[0m  CREATE TABLE `account_transactions` (`id` int(11) DEFAULT NULL auto_increment PRIMARY KEY, `from_account_id` int(11), `to_account_id` int(11), `due_amount` decimal DEFAULT 0, `principle_credit_amount` decimal DEFAULT 0, `principle_interest_amount` decimal DEFAULT 0, `principle_debit_amount` decimal DEFAULT 0, `created_at` datetime NOT NULL, `updated_at` datetime NOT NULL) ENGINE=InnoDB
  [1m[36m (1.1ms)[0m  [1mINSERT INTO `schema_migrations` (`version`) VALUES ('20121124080348')[0m
  [1m[35m (0.4ms)[0m  SELECT `schema_migrations`.`version` FROM `schema_migrations` 
Connecting to database specified by database.yml
Connecting to database specified by database.yml
  [1m[36m (163.7ms)[0m  [1mCREATE TABLE `schema_migrations` (`version` varchar(255) NOT NULL) ENGINE=InnoDB[0m
  [1m[35m (327.7ms)[0m  CREATE UNIQUE INDEX `unique_schema_migrations` ON `schema_migrations` (`version`)
  [1m[36m (1.9ms)[0m  [1mSELECT `schema_migrations`.`version` FROM `schema_migrations` [0m
Migrating to CreateUsers (20121122182534)
  [1m[35m (153.7ms)[0m  CREATE TABLE `users` (`id` int(11) DEFAULT NULL auto_increment PRIMARY KEY, `username` varchar(255) NOT NULL, `fullname` varchar(255), `last_name` varchar(255), `first_name` varchar(255), `is_locked` tinyint(1) DEFAULT 1, `door_no` varchar(255), `street` varchar(255), `state` varchar(255), `pincode` int(11), `description` text, `primary_phone` varchar(255), `secondary_phone` varchar(255), `tertiary_phone` varchar(255), `email_id` varchar(255), `role_id` int(11), `total_credit` decimal DEFAULT 0 NOT NULL, `credit_without_interest` decimal DEFAULT 0 NOT NULL, `interest_for_credit` decimal DEFAULT 0 NOT NULL, `total_debit` decimal DEFAULT 0 NOT NULL, `debit_without_interest` decimal DEFAULT 0 NOT NULL, `interest_for_debit` decimal DEFAULT 0 NOT NULL, `created_at` datetime NOT NULL, `updated_at` datetime NOT NULL) ENGINE=InnoDB
  [1m[36m (1.1ms)[0m  [1mINSERT INTO `schema_migrations` (`version`) VALUES ('20121122182534')[0m
Migrating to CreateRoles (20121122184553)
  [1m[35m (165.7ms)[0m  CREATE TABLE `roles` (`id` int(11) DEFAULT NULL auto_increment PRIMARY KEY, `name` varchar(255) NOT NULL, `description` text, `created_at` datetime NOT NULL, `updated_at` datetime NOT NULL) ENGINE=InnoDB
  [1m[36m (1.3ms)[0m  [1mINSERT INTO `schema_migrations` (`version`) VALUES ('20121122184553')[0m
Migrating to CreateGroups (20121124070315)
  [1m[35m (140.8ms)[0m  CREATE TABLE `groups` (`id` int(11) DEFAULT NULL auto_increment PRIMARY KEY, `name` varchar(255) NOT NULL, `description` text, `group_admin_id` int(11), `total_amount` decimal, `principal_amount` int(11), `interest_amount` int(11), `created_at` datetime NOT NULL, `updated_at` datetime NOT NULL) ENGINE=InnoDB
  [1m[36m (0.7ms)[0m  [1mINSERT INTO `schema_migrations` (`version`) VALUES ('20121124070315')[0m
Migrating to CreateGroupAdmins (20121124071151)
  [1m[35m (149.1ms)[0m  CREATE TABLE `group_admins` (`id` int(11) DEFAULT NULL auto_increment PRIMARY KEY, `group_id` int(11), `user_id` int(11), `created_at` datetime NOT NULL, `updated_at` datetime NOT NULL) ENGINE=InnoDB
  [1m[36m (1.0ms)[0m  [1mINSERT INTO `schema_migrations` (`version`) VALUES ('20121124071151')[0m
Migrating to CreateAccounts (20121124080339)
  [1m[35m (159.8ms)[0m  CREATE TABLE `accounts` (`id` int(11) DEFAULT NULL auto_increment PRIMARY KEY, `accountable_type` varchar(255), `accountable_id` int(11), `created_at` datetime NOT NULL, `updated_at` datetime NOT NULL) ENGINE=InnoDB
  [1m[36m (1.3ms)[0m  [1mINSERT INTO `schema_migrations` (`version`) VALUES ('20121124080339')[0m
Migrating to CreateAccountTransactions (20121124080348)
  [1m[35m (264.5ms)[0m  CREATE TABLE `account_transactions` (`id` int(11) DEFAULT NULL auto_increment PRIMARY KEY, `from_account_id` int(11), `to_account_id` int(11), `due_amount` decimal DEFAULT 0, `principle_credit_amount` decimal DEFAULT 0, `principle_interest_amount` decimal DEFAULT 0, `principle_debit_amount` decimal DEFAULT 0, `created_at` datetime NOT NULL, `updated_at` datetime NOT NULL) ENGINE=InnoDB
  [1m[36m (1.7ms)[0m  [1mINSERT INTO `schema_migrations` (`version`) VALUES ('20121124080348')[0m
  [1m[35m (0.4ms)[0m  SELECT `schema_migrations`.`version` FROM `schema_migrations` 
Connecting to database specified by database.yml
Connecting to database specified by database.yml
Connecting to database specified by database.yml
Connecting to database specified by database.yml
Connecting to database specified by database.yml
Connecting to database specified by database.yml
Connecting to database specified by database.yml
Connecting to database specified by database.yml
  [1m[36m (195.3ms)[0m  [1mCREATE TABLE `schema_migrations` (`version` varchar(255) NOT NULL) ENGINE=InnoDB[0m
  [1m[35m (306.2ms)[0m  CREATE UNIQUE INDEX `unique_schema_migrations` ON `schema_migrations` (`version`)
  [1m[36m (1.8ms)[0m  [1mSELECT `schema_migrations`.`version` FROM `schema_migrations` [0m
Migrating to CreateUsers (20121122182534)
  [1m[35m (220.5ms)[0m  CREATE TABLE `users` (`id` int(11) DEFAULT NULL auto_increment PRIMARY KEY, `username` varchar(255) NOT NULL, `fullname` varchar(255), `last_name` varchar(255), `first_name` varchar(255), `is_locked` tinyint(1) DEFAULT 1, `door_no` varchar(255), `street` varchar(255), `state` varchar(255), `pincode` int(11), `description` text, `primary_phone` varchar(255), `secondary_phone` varchar(255), `tertiary_phone` varchar(255), `email_id` varchar(255), `role_id` int(11), `total_credit` decimal DEFAULT 0 NOT NULL, `credit_without_interest` decimal DEFAULT 0 NOT NULL, `interest_for_credit` decimal DEFAULT 0 NOT NULL, `total_debit` decimal DEFAULT 0 NOT NULL, `debit_without_interest` decimal DEFAULT 0 NOT NULL, `interest_for_debit` decimal DEFAULT 0 NOT NULL, `group_id` int(11), `created_at` datetime NOT NULL, `updated_at` datetime NOT NULL) ENGINE=InnoDB
  [1m[36m (1.1ms)[0m  [1mINSERT INTO `schema_migrations` (`version`) VALUES ('20121122182534')[0m
Migrating to CreateRoles (20121122184553)
  [1m[35m (397.7ms)[0m  CREATE TABLE `roles` (`id` int(11) DEFAULT NULL auto_increment PRIMARY KEY, `name` varchar(255) NOT NULL, `description` text, `created_at` datetime NOT NULL, `updated_at` datetime NOT NULL) ENGINE=InnoDB
  [1m[36m (1.1ms)[0m  [1mINSERT INTO `schema_migrations` (`version`) VALUES ('20121122184553')[0m
Migrating to CreateGroups (20121124070315)
  [1m[35m (188.4ms)[0m  CREATE TABLE `groups` (`id` int(11) DEFAULT NULL auto_increment PRIMARY KEY, `name` varchar(255) NOT NULL, `description` text, `group_admin_id` int(11), `total_amount` decimal, `principal_amount` int(11), `interest_amount` int(11), `created_at` datetime NOT NULL, `updated_at` datetime NOT NULL) ENGINE=InnoDB
  [1m[36m (1.1ms)[0m  [1mINSERT INTO `schema_migrations` (`version`) VALUES ('20121124070315')[0m
Migrating to CreateGroupAdmins (20121124071151)
  [1m[35m (153.3ms)[0m  CREATE TABLE `group_admins` (`id` int(11) DEFAULT NULL auto_increment PRIMARY KEY, `group_id` int(11), `user_id` int(11), `created_at` datetime NOT NULL, `updated_at` datetime NOT NULL) ENGINE=InnoDB
  [1m[36m (1.3ms)[0m  [1mINSERT INTO `schema_migrations` (`version`) VALUES ('20121124071151')[0m
Migrating to CreateAccounts (20121124080339)
  [1m[35m (184.0ms)[0m  CREATE TABLE `accounts` (`id` int(11) DEFAULT NULL auto_increment PRIMARY KEY, `accountable_type` varchar(255), `accountable_id` int(11), `created_at` datetime NOT NULL, `updated_at` datetime NOT NULL) ENGINE=InnoDB
  [1m[36m (1.3ms)[0m  [1mINSERT INTO `schema_migrations` (`version`) VALUES ('20121124080339')[0m
Migrating to CreateAccountTransactions (20121124080348)
  [1m[35m (168.8ms)[0m  CREATE TABLE `account_transactions` (`id` int(11) DEFAULT NULL auto_increment PRIMARY KEY, `from_account_id` int(11), `to_account_id` int(11), `due_amount` decimal DEFAULT 0, `principle_credit_amount` decimal DEFAULT 0, `principle_interest_amount` decimal DEFAULT 0, `principle_debit_amount` decimal DEFAULT 0, `created_at` datetime NOT NULL, `updated_at` datetime NOT NULL) ENGINE=InnoDB
  [1m[36m (1.3ms)[0m  [1mINSERT INTO `schema_migrations` (`version`) VALUES ('20121124080348')[0m
  [1m[35m (0.4ms)[0m  SELECT `schema_migrations`.`version` FROM `schema_migrations` 
Connecting to database specified by database.yml
Connecting to database specified by database.yml
Connecting to database specified by database.yml
Connecting to database specified by database.yml
Connecting to database specified by database.yml
Connecting to database specified by database.yml
Connecting to database specified by database.yml
  [1m[36m (225.5ms)[0m  [1mCREATE TABLE `schema_migrations` (`version` varchar(255) NOT NULL) ENGINE=InnoDB[0m
  [1m[35m (391.7ms)[0m  CREATE UNIQUE INDEX `unique_schema_migrations` ON `schema_migrations` (`version`)
  [1m[36m (1.8ms)[0m  [1mSELECT `schema_migrations`.`version` FROM `schema_migrations` [0m
Migrating to CreateUsers (20121122182534)
  [1m[35m (144.1ms)[0m  CREATE TABLE `users` (`id` int(11) DEFAULT NULL auto_increment PRIMARY KEY, `username` varchar(255) NOT NULL, `fullname` varchar(255), `last_name` varchar(255), `first_name` varchar(255), `is_locked` tinyint(1) DEFAULT 1, `door_no` varchar(255), `street` varchar(255), `state` varchar(255), `pincode` int(11), `description` text, `primary_phone` varchar(255), `secondary_phone` varchar(255), `tertiary_phone` varchar(255), `email_id` varchar(255), `role_id` int(11), `total_credit` decimal DEFAULT 0 NOT NULL, `credit_without_interest` decimal DEFAULT 0 NOT NULL, `interest_for_credit` decimal DEFAULT 0 NOT NULL, `total_debit` decimal DEFAULT 0 NOT NULL, `debit_without_interest` decimal DEFAULT 0 NOT NULL, `interest_for_debit` decimal DEFAULT 0 NOT NULL, `group_id` int(11), `created_at` datetime NOT NULL, `updated_at` datetime NOT NULL) ENGINE=InnoDB
  [1m[36m (1.1ms)[0m  [1mINSERT INTO `schema_migrations` (`version`) VALUES ('20121122182534')[0m
Migrating to CreateRoles (20121122184553)
  [1m[35m (184.3ms)[0m  CREATE TABLE `roles` (`id` int(11) DEFAULT NULL auto_increment PRIMARY KEY, `name` varchar(255) NOT NULL, `description` text, `created_at` datetime NOT NULL, `updated_at` datetime NOT NULL) ENGINE=InnoDB
  [1m[36m (1.7ms)[0m  [1mINSERT INTO `schema_migrations` (`version`) VALUES ('20121122184553')[0m
Migrating to CreateGroups (20121124070315)
  [1m[35m (174.3ms)[0m  CREATE TABLE `groups` (`id` int(11) DEFAULT NULL auto_increment PRIMARY KEY, `name` varchar(255) NOT NULL, `description` text, `group_admin_id` int(11), `total_amount` decimal, `principal_amount` int(11), `interest_amount` int(11), `created_at` datetime NOT NULL, `updated_at` datetime NOT NULL) ENGINE=InnoDB
  [1m[36m (2.0ms)[0m  [1mINSERT INTO `schema_migrations` (`version`) VALUES ('20121124070315')[0m
Migrating to CreateGroupAdmins (20121124071151)
  [1m[35m (149.5ms)[0m  CREATE TABLE `group_admins` (`id` int(11) DEFAULT NULL auto_increment PRIMARY KEY, `group_id` int(11), `user_id` int(11), `created_at` datetime NOT NULL, `updated_at` datetime NOT NULL) ENGINE=InnoDB
  [1m[36m (1.3ms)[0m  [1mINSERT INTO `schema_migrations` (`version`) VALUES ('20121124071151')[0m
Migrating to CreateAccounts (20121124080339)
  [1m[35m (140.4ms)[0m  CREATE TABLE `accounts` (`id` int(11) DEFAULT NULL auto_increment PRIMARY KEY, `accountable_type` varchar(255), `accountable_id` int(11), `created_at` datetime NOT NULL, `updated_at` datetime NOT NULL) ENGINE=InnoDB
  [1m[36m (1.0ms)[0m  [1mINSERT INTO `schema_migrations` (`version`) VALUES ('20121124080339')[0m
Migrating to CreateAccountTransactions (20121124080348)
  [1m[35m (147.5ms)[0m  CREATE TABLE `account_transactions` (`id` int(11) DEFAULT NULL auto_increment PRIMARY KEY, `from_account_id` int(11), `to_account_id` int(11), `due_amount` decimal DEFAULT 0, `principle_credit_amount` decimal DEFAULT 0, `principle_interest_amount` decimal DEFAULT 0, `principle_debit_amount` decimal DEFAULT 0, `created_at` datetime NOT NULL, `updated_at` datetime NOT NULL) ENGINE=InnoDB
  [1m[36m (1.6ms)[0m  [1mINSERT INTO `schema_migrations` (`version`) VALUES ('20121124080348')[0m
  [1m[35m (0.4ms)[0m  SELECT `schema_migrations`.`version` FROM `schema_migrations` 
Connecting to database specified by database.yml
Connecting to database specified by database.yml
Connecting to database specified by database.yml
Connecting to database specified by database.yml
Connecting to database specified by database.yml
